<?xml version="1.0" encoding="UTF-8"?>
<!-- Generated by org.testng.reporters.JUnitXMLReporter -->
<testsuite hostname="Mausumi-pc" name="Testng" tests="4" failures="0" timestamp="14 May 2019 11:56:00 GMT" time="0.046" errors="0">
  <testcase name="RestAssuredLogOut" time="0.016" classname="qaclickacademy.RestAssuredTest"/>
  <testcase name="RestAssuredLogin" time="0.0" classname="qaclickacademy.RestAssuredTest"/>
  <testcase name="SeleniumLogOut" time="0.001" classname="qaclickacademy.SeleniumTest"/>
  <testcase name="SeleniumLogin" time="0.001" classname="qaclickacademy.SeleniumTest"/>
</testsuite> <!-- Testng -->
